  [1m[35m (652.5ms)[0m  [1m[35mCREATE DATABASE "character_api_development" ENCODING = 'unicode'[0m
  [1m[35m (348.1ms)[0m  [1m[35mCREATE DATABASE "character_api_test" ENCODING = 'unicode'[0m
  [1m[35m (35.2ms)[0m  [1m[35mCREATE TABLE "schema_migrations" ("version" character varying NOT NULL PRIMARY KEY)[0m
  [1m[35m (7.0ms)[0m  [1m[35mCREATE TABLE "ar_internal_metadata" ("key" character varying NOT NULL PRIMARY KEY, "value" character varying, "created_at" timestamp(6) NOT NULL, "updated_at" timestamp(6) NOT NULL)[0m
  [1m[35m (0.8ms)[0m  [1m[34mSELECT pg_try_advisory_lock(7770480354426816495)[0m
  [1m[35m (1.4ms)[0m  [1m[34mSELECT "schema_migrations"."version" FROM "schema_migrations" ORDER BY "schema_migrations"."version" ASC[0m
Migrating to CreateCharacters (20190913150642)
  [1m[35m (0.3ms)[0m  [1m[35mBEGIN[0m
  [1m[35m (8.4ms)[0m  [1m[35mCREATE TABLE "characters" ("id" bigserial primary key, "name" character varying, "age" character varying, "eye_color" character varying, "personality_traits" character varying[], "created_at" timestamp(6) NOT NULL, "updated_at" timestamp(6) NOT NULL)[0m
  [1m[36mprimary::SchemaMigration Create (0.7ms)[0m  [1m[32mINSERT INTO "schema_migrations" ("version") VALUES ($1) RETURNING "version"[0m  [["version", "20190913150642"]]
  [1m[35m (0.7ms)[0m  [1m[35mCOMMIT[0m
Migrating to CreateNovels (20190913150802)
  [1m[35m (0.5ms)[0m  [1m[35mBEGIN[0m
  [1m[35m (8.6ms)[0m  [1m[35mCREATE TABLE "novels" ("id" bigserial primary key, "title" character varying, "genre" character varying, "description" character varying, "created_at" timestamp(6) NOT NULL, "updated_at" timestamp(6) NOT NULL)[0m
  [1m[36mprimary::SchemaMigration Create (0.5ms)[0m  [1m[32mINSERT INTO "schema_migrations" ("version") VALUES ($1) RETURNING "version"[0m  [["version", "20190913150802"]]
  [1m[35m (1.4ms)[0m  [1m[35mCOMMIT[0m
  [1m[36mActiveRecord::InternalMetadata Load (0.7ms)[0m  [1m[34mSELECT "ar_internal_metadata".* FROM "ar_internal_metadata" WHERE "ar_internal_metadata"."key" = $1 LIMIT $2[0m  [["key", "environment"], ["LIMIT", 1]]
  [1m[35m (0.3ms)[0m  [1m[35mBEGIN[0m
  [1m[36mActiveRecord::InternalMetadata Create (1.2ms)[0m  [1m[32mINSERT INTO "ar_internal_metadata" ("key", "value", "created_at", "updated_at") VALUES ($1, $2, $3, $4) RETURNING "key"[0m  [["key", "environment"], ["value", "development"], ["created_at", "2019-09-13 15:31:07.792133"], ["updated_at", "2019-09-13 15:31:07.792133"]]
  [1m[35m (1.1ms)[0m  [1m[35mCOMMIT[0m
  [1m[35m (4.7ms)[0m  [1m[34mSELECT pg_advisory_unlock(7770480354426816495)[0m
  [1m[35m (1.8ms)[0m  [1m[34mSELECT "schema_migrations"."version" FROM "schema_migrations" ORDER BY "schema_migrations"."version" ASC[0m
  [1m[35m (0.3ms)[0m  [1m[34mSELECT pg_try_advisory_lock(7770480354426816495)[0m
  [1m[35m (1.0ms)[0m  [1m[34mSELECT "schema_migrations"."version" FROM "schema_migrations" ORDER BY "schema_migrations"."version" ASC[0m
Migrating to AddNovelIdToCharacter (20190913153152)
  [1m[35m (0.2ms)[0m  [1m[35mBEGIN[0m
  [1m[35m (0.8ms)[0m  [1m[35mALTER TABLE "characters" ADD "novel_id" integer[0m
  [1m[36mprimary::SchemaMigration Create (0.4ms)[0m  [1m[32mINSERT INTO "schema_migrations" ("version") VALUES ($1) RETURNING "version"[0m  [["version", "20190913153152"]]
  [1m[35m (0.7ms)[0m  [1m[35mCOMMIT[0m
  [1m[36mActiveRecord::InternalMetadata Load (0.5ms)[0m  [1m[34mSELECT "ar_internal_metadata".* FROM "ar_internal_metadata" WHERE "ar_internal_metadata"."key" = $1 LIMIT $2[0m  [["key", "environment"], ["LIMIT", 1]]
  [1m[35m (0.3ms)[0m  [1m[34mSELECT pg_advisory_unlock(7770480354426816495)[0m
  [1m[35m (0.8ms)[0m  [1m[34mSELECT "schema_migrations"."version" FROM "schema_migrations" ORDER BY "schema_migrations"."version" ASC[0m
  [1m[35m (1.3ms)[0m  [1m[34mSELECT "schema_migrations"."version" FROM "schema_migrations" ORDER BY "schema_migrations"."version" ASC[0m
  [1m[35m (1.0ms)[0m  [1m[34mSELECT "schema_migrations"."version" FROM "schema_migrations" ORDER BY "schema_migrations"."version" ASC[0m
  [1m[35m (0.5ms)[0m  [1m[35mBEGIN[0m
  [1m[36mNovel Create (3.2ms)[0m  [1m[32mINSERT INTO "novels" ("title", "genre", "description", "created_at", "updated_at") VALUES ($1, $2, $3, $4, $5) RETURNING "id"[0m  [["title", "Novel1"], ["genre", "Fiction"], ["description", "This is the description"], ["created_at", "2019-09-13 15:40:46.971563"], ["updated_at", "2019-09-13 15:40:46.971563"]]
  [1m[35m (0.6ms)[0m  [1m[35mCOMMIT[0m
  [1m[35m (0.2ms)[0m  [1m[35mBEGIN[0m
  [1m[36mNovel Load (0.3ms)[0m  [1m[34mSELECT "novels".* FROM "novels" WHERE "novels"."id" = $1 LIMIT $2[0m  [["id", 1], ["LIMIT", 1]]
  [1m[36mCharacter Create (1.6ms)[0m  [1m[32mINSERT INTO "characters" ("name", "age", "eye_color", "personality_traits", "created_at", "updated_at", "novel_id") VALUES ($1, $2, $3, $4, $5, $6, $7) RETURNING "id"[0m  [["name", "Herman Munson"], ["age", "50"], ["eye_color", "gray"], ["personality_traits", "{scary,funny,gray}"], ["created_at", "2019-09-13 15:40:47.058256"], ["updated_at", "2019-09-13 15:40:47.058256"], ["novel_id", 1]]
  [1m[35m (0.6ms)[0m  [1m[35mCOMMIT[0m
  [1m[36mCharacter Load (2.1ms)[0m  [1m[34mSELECT "characters".* FROM "characters" LIMIT $1[0m  [["LIMIT", 11]]
Started GET "/novels" for ::1 at 2019-09-13 11:45:28 -0400
  [1m[35m (1.1ms)[0m  [1m[34mSELECT "schema_migrations"."version" FROM "schema_migrations" ORDER BY "schema_migrations"."version" ASC[0m
Processing by NovelsController#index as */*
  [1m[36mNovel Load (0.9ms)[0m  [1m[34mSELECT "novels".* FROM "novels"[0m
  ↳ app/controllers/novels_controller.rb:8:in `index'
  [1m[36mCharacter Load (0.5ms)[0m  [1m[34mSELECT "characters".* FROM "characters" WHERE "characters"."novel_id" = $1[0m  [["novel_id", 1]]
  ↳ app/controllers/novels_controller.rb:8:in `index'
Completed 200 OK in 88ms (Views: 67.0ms | ActiveRecord: 13.6ms | Allocations: 17460)


Started GET "/novels" for ::1 at 2019-09-13 11:45:57 -0400
Processing by NovelsController#index as */*
  [1m[36mNovel Load (0.3ms)[0m  [1m[34mSELECT "novels".* FROM "novels"[0m
  ↳ app/controllers/novels_controller.rb:8:in `index'
  [1m[36mCharacter Load (0.7ms)[0m  [1m[34mSELECT "characters".* FROM "characters" WHERE "characters"."novel_id" = $1[0m  [["novel_id", 1]]
  ↳ app/controllers/novels_controller.rb:8:in `index'
Completed 200 OK in 48ms (Views: 31.3ms | ActiveRecord: 12.9ms | Allocations: 11736)


Started GET "/novels" for ::1 at 2019-09-13 11:48:08 -0400
  
SyntaxError (/Users/davidcarrano/fictional-character-generator/character_api/app/controllers/novels_controller.rb:6: syntax error, unexpected tSYMBEG, expecting do or '{' or '('
... @novels = Novel.all, include :characters
...                              ^):
  
app/controllers/novels_controller.rb:6: syntax error, unexpected tSYMBEG, expecting do or '{' or '('
app/controllers/novels_controller.rb:6: syntax error, unexpected tSYMBEG, expecting do or '{' or '('
Started GET "/novels" for ::1 at 2019-09-13 11:48:23 -0400
  
SyntaxError (/Users/davidcarrano/fictional-character-generator/character_api/app/controllers/novels_controller.rb:6: syntax error, unexpected tSYMBEG, expecting do or '{' or '('
...@novels = Novel.all, includes :characters
...                              ^):
  
app/controllers/novels_controller.rb:6: syntax error, unexpected tSYMBEG, expecting do or '{' or '('
app/controllers/novels_controller.rb:6: syntax error, unexpected tSYMBEG, expecting do or '{' or '('
Started GET "/novels" for ::1 at 2019-09-13 11:52:26 -0400
Processing by NovelsController#index as */*
Completed 500 Internal Server Error in 2ms (ActiveRecord: 0.0ms | Allocations: 518)


  
NoMethodError (undefined method `characters' for nil:NilClass):
  
app/controllers/novels_controller.rb:7:in `index'
Started GET "/novels" for ::1 at 2019-09-13 11:53:05 -0400
Processing by NovelsController#index as */*
Completed 500 Internal Server Error in 2ms (ActiveRecord: 0.0ms | Allocations: 507)


  
NoMethodError (undefined method `includes' for nil:NilClass):
  
app/controllers/novels_controller.rb:7:in `index'
Started GET "/novels" for ::1 at 2019-09-13 11:53:41 -0400
Processing by NovelsController#index as */*
Completed 500 Internal Server Error in 1ms (ActiveRecord: 0.0ms | Allocations: 508)


  
NoMethodError (undefined method `includes' for nil:NilClass):
  
app/controllers/novels_controller.rb:7:in `index'
Started GET "/novels" for ::1 at 2019-09-13 11:57:25 -0400
Processing by NovelsController#index as */*
  [1m[36mNovel Load (0.3ms)[0m  [1m[34mSELECT "novels".* FROM "novels" LIMIT $1[0m  [["LIMIT", 11]]
Completed 500 Internal Server Error in 26ms (ActiveRecord: 0.0ms | Allocations: 7748)


  [1m[36mCACHE Novel Load (0.0ms)[0m  [1m[34mSELECT "novels".* FROM "novels" LIMIT $1[0m  [["LIMIT", 11]]
  
NoMethodError (undefined method `characters' for #<Novel::ActiveRecord_Relation:0x00007fb6b3ce0b78>):
  
app/controllers/novels_controller.rb:11:in `index'
  [1m[36mCACHE Novel Load (0.0ms)[0m  [1m[34mSELECT "novels".* FROM "novels" LIMIT $1[0m  [["LIMIT", 11]]
Started GET "/novels" for ::1 at 2019-09-13 11:57:48 -0400
Processing by NovelsController#index as */*
  [1m[36mNovel Load (0.3ms)[0m  [1m[34mSELECT "novels".* FROM "novels"[0m
  ↳ app/controllers/novels_controller.rb:11:in `index'
Completed 200 OK in 21ms (Views: 10.6ms | ActiveRecord: 7.5ms | Allocations: 5448)


Started GET "/novels" for ::1 at 2019-09-13 12:00:01 -0400
Processing by NovelsController#index as */*
  [1m[36mNovel Load (0.4ms)[0m  [1m[34mSELECT "novels".* FROM "novels"[0m
  ↳ app/controllers/novels_controller.rb:11:in `index'
Completed 200 OK in 21ms (Views: 12.0ms | ActiveRecord: 6.1ms | Allocations: 5414)


Started GET "/novels" for ::1 at 2019-09-13 12:01:56 -0400
  
SyntaxError (/Users/davidcarrano/fictional-character-generator/character_api/app/controllers/novels_controller.rb:6: syntax error, unexpected ':', expecting end
...@novels = Novel.all, :include :characters 
...                              ^):
  
app/controllers/novels_controller.rb:6: syntax error, unexpected ':', expecting end
app/controllers/novels_controller.rb:6: syntax error, unexpected ':', expecting end
Started GET "/novels" for ::1 at 2019-09-13 12:02:16 -0400
  
SyntaxError (/Users/davidcarrano/fictional-character-generator/character_api/app/controllers/novels_controller.rb:6: syntax error, unexpected =>, expecting end
...novels = Novel.all, :include => :characters 
...                             ^~):
  
app/controllers/novels_controller.rb:6: syntax error, unexpected =>, expecting end
app/controllers/novels_controller.rb:6: syntax error, unexpected =>, expecting end
Started GET "/novels" for ::1 at 2019-09-13 12:02:37 -0400
Processing by NovelsController#index as */*
Completed 500 Internal Server Error in 129ms (ActiveRecord: 0.0ms | Allocations: 36360)


  
NoMethodError (undefined method `include' for #<NovelsController:0x00007fb6b2e50590>):
  
app/controllers/novels_controller.rb:6:in `index'
Started GET "/novels" for ::1 at 2019-09-13 12:02:46 -0400
Processing by NovelsController#index as */*
Completed 500 Internal Server Error in 19ms (ActiveRecord: 0.0ms | Allocations: 911)


  
ArgumentError (wrong number of arguments (given 1, expected 0)):
  
app/controllers/novels_controller.rb:6:in `index'
Started GET "/novels" for ::1 at 2019-09-13 12:03:26 -0400
Processing by NovelsController#index as */*
  [1m[36mNovel Load (0.4ms)[0m  [1m[34mSELECT "novels".* FROM "novels"[0m
  ↳ app/controllers/novels_controller.rb:8:in `index'
Completed 200 OK in 17ms (Views: 9.2ms | ActiveRecord: 4.9ms | Allocations: 5497)


Started GET "/novels" for ::1 at 2019-09-13 12:10:52 -0400
Processing by NovelsController#index as */*
  [1m[36mNovel Load (1.1ms)[0m  [1m[34mSELECT "novels".* FROM "novels"[0m
  ↳ app/controllers/novels_controller.rb:8:in `index'
  [1m[36mCharacter Load (0.4ms)[0m  [1m[34mSELECT "characters".* FROM "characters" WHERE "characters"."novel_id" = $1[0m  [["novel_id", 1]]
  ↳ app/controllers/novels_controller.rb:8:in `index'
Completed 200 OK in 41ms (Views: 0.1ms | ActiveRecord: 8.7ms | Allocations: 12066)


  [1m[35m (0.5ms)[0m  [1m[34mSELECT pg_try_advisory_lock(7770480354426816495)[0m
  [1m[35m (2.0ms)[0m  [1m[34mSELECT "schema_migrations"."version" FROM "schema_migrations" ORDER BY "schema_migrations"."version" ASC[0m
Migrating to AddColumnToNovel (20190913165951)
  [1m[35m (0.2ms)[0m  [1m[35mBEGIN[0m
  [1m[35m (1.1ms)[0m  [1m[35mALTER TABLE "novels" ADD "author" character varying[0m
  [1m[36mprimary::SchemaMigration Create (0.5ms)[0m  [1m[32mINSERT INTO "schema_migrations" ("version") VALUES ($1) RETURNING "version"[0m  [["version", "20190913165951"]]
  [1m[35m (2.0ms)[0m  [1m[35mCOMMIT[0m
  [1m[36mActiveRecord::InternalMetadata Load (0.6ms)[0m  [1m[34mSELECT "ar_internal_metadata".* FROM "ar_internal_metadata" WHERE "ar_internal_metadata"."key" = $1 LIMIT $2[0m  [["key", "environment"], ["LIMIT", 1]]
  [1m[35m (0.4ms)[0m  [1m[34mSELECT pg_advisory_unlock(7770480354426816495)[0m
  [1m[35m (0.7ms)[0m  [1m[34mSELECT "schema_migrations"."version" FROM "schema_migrations" ORDER BY "schema_migrations"."version" ASC[0m
  [1m[35m (4.5ms)[0m  [1m[34mSELECT "schema_migrations"."version" FROM "schema_migrations" ORDER BY "schema_migrations"."version" ASC[0m
  [1m[35m (0.2ms)[0m  [1m[35mBEGIN[0m
  [1m[36mNovel Create (0.8ms)[0m  [1m[32mINSERT INTO "novels" ("title", "genre", "description", "created_at", "updated_at", "author") VALUES ($1, $2, $3, $4, $5, $6) RETURNING "id"[0m  [["title", "Novel2"], ["genre", "Fiction"], ["description", "This is the description"], ["created_at", "2019-09-13 17:18:16.564787"], ["updated_at", "2019-09-13 17:18:16.564787"], ["author", "Izac Keplin"]]
  [1m[35m (1.9ms)[0m  [1m[35mCOMMIT[0m
  [1m[35m (0.2ms)[0m  [1m[35mBEGIN[0m
  [1m[36mNovel Load (1.8ms)[0m  [1m[34mSELECT "novels".* FROM "novels" WHERE "novels"."id" = $1 LIMIT $2[0m  [["id", 1], ["LIMIT", 1]]
  [1m[36mCharacter Create (2.5ms)[0m  [1m[32mINSERT INTO "characters" ("name", "age", "eye_color", "personality_traits", "created_at", "updated_at", "novel_id") VALUES ($1, $2, $3, $4, $5, $6, $7) RETURNING "id"[0m  [["name", "Dejanna Hemric"], ["age", "48"], ["eye_color", "light green"], ["personality_traits", "{outgoing,mean,weird}"], ["created_at", "2019-09-13 17:18:16.630151"], ["updated_at", "2019-09-13 17:18:16.630151"], ["novel_id", 1]]
  [1m[35m (0.6ms)[0m  [1m[35mCOMMIT[0m
  [1m[35m (0.2ms)[0m  [1m[35mBEGIN[0m
  [1m[36mNovel Load (0.3ms)[0m  [1m[34mSELECT "novels".* FROM "novels" WHERE "novels"."id" = $1 LIMIT $2[0m  [["id", 1], ["LIMIT", 1]]
  [1m[36mCharacter Create (0.4ms)[0m  [1m[32mINSERT INTO "characters" ("name", "age", "eye_color", "personality_traits", "created_at", "updated_at", "novel_id") VALUES ($1, $2, $3, $4, $5, $6, $7) RETURNING "id"[0m  [["name", "Marlo Caudill"], ["age", "12"], ["eye_color", "blue"], ["personality_traits", "{outgoing,selfish,fearful}"], ["created_at", "2019-09-13 17:18:16.640530"], ["updated_at", "2019-09-13 17:18:16.640530"], ["novel_id", 1]]
  [1m[35m (0.5ms)[0m  [1m[35mCOMMIT[0m
  [1m[35m (0.2ms)[0m  [1m[35mBEGIN[0m
  [1m[36mNovel Load (0.3ms)[0m  [1m[34mSELECT "novels".* FROM "novels" WHERE "novels"."id" = $1 LIMIT $2[0m  [["id", 1], ["LIMIT", 1]]
  [1m[36mCharacter Create (0.4ms)[0m  [1m[32mINSERT INTO "characters" ("name", "age", "eye_color", "personality_traits", "created_at", "updated_at", "novel_id") VALUES ($1, $2, $3, $4, $5, $6, $7) RETURNING "id"[0m  [["name", "Crisela Kasparian"], ["age", "37"], ["eye_color", "light green"], ["personality_traits", "{worrysome,depressed,stressed}"], ["created_at", "2019-09-13 17:18:16.647337"], ["updated_at", "2019-09-13 17:18:16.647337"], ["novel_id", 1]]
  [1m[35m (0.6ms)[0m  [1m[35mCOMMIT[0m
  [1m[35m (0.1ms)[0m  [1m[35mBEGIN[0m
  [1m[36mNovel Load (0.3ms)[0m  [1m[34mSELECT "novels".* FROM "novels" WHERE "novels"."id" = $1 LIMIT $2[0m  [["id", 1], ["LIMIT", 1]]
  [1m[36mCharacter Create (0.4ms)[0m  [1m[32mINSERT INTO "characters" ("name", "age", "eye_color", "personality_traits", "created_at", "updated_at", "novel_id") VALUES ($1, $2, $3, $4, $5, $6, $7) RETURNING "id"[0m  [["name", "Ashlan Panaia"], ["age", "36"], ["eye_color", "blue"], ["personality_traits", "{smart,gregarious,greedy}"], ["created_at", "2019-09-13 17:18:16.654569"], ["updated_at", "2019-09-13 17:18:16.654569"], ["novel_id", 1]]
  [1m[35m (0.5ms)[0m  [1m[35mCOMMIT[0m
  [1m[35m (0.2ms)[0m  [1m[35mBEGIN[0m
  [1m[36mNovel Load (0.3ms)[0m  [1m[34mSELECT "novels".* FROM "novels" WHERE "novels"."id" = $1 LIMIT $2[0m  [["id", 1], ["LIMIT", 1]]
  [1m[36mCharacter Create (0.4ms)[0m  [1m[32mINSERT INTO "characters" ("name", "age", "eye_color", "personality_traits", "created_at", "updated_at", "novel_id") VALUES ($1, $2, $3, $4, $5, $6, $7) RETURNING "id"[0m  [["name", "Perl Sultzbaugh"], ["age", "50"], ["eye_color", "bright blue"], ["personality_traits", "{bully,gregarious,arrogant}"], ["created_at", "2019-09-13 17:18:16.662971"], ["updated_at", "2019-09-13 17:18:16.662971"], ["novel_id", 1]]
  [1m[35m (0.5ms)[0m  [1m[35mCOMMIT[0m
Started GET "/novels" for ::1 at 2019-09-13 13:18:35 -0400
  [1m[35m (1.4ms)[0m  [1m[34mSELECT "schema_migrations"."version" FROM "schema_migrations" ORDER BY "schema_migrations"."version" ASC[0m
Processing by NovelsController#index as */*
  [1m[36mNovel Load (0.7ms)[0m  [1m[34mSELECT "novels".* FROM "novels"[0m
  ↳ app/controllers/novels_controller.rb:8:in `index'
  [1m[36mCharacter Load (1.3ms)[0m  [1m[34mSELECT "characters".* FROM "characters" WHERE "characters"."novel_id" = $1[0m  [["novel_id", 1]]
  ↳ app/controllers/novels_controller.rb:8:in `index'
  [1m[36mCharacter Load (0.4ms)[0m  [1m[34mSELECT "characters".* FROM "characters" WHERE "characters"."novel_id" = $1[0m  [["novel_id", 2]]
  ↳ app/controllers/novels_controller.rb:8:in `index'
Completed 200 OK in 75ms (Views: 0.2ms | ActiveRecord: 12.3ms | Allocations: 17551)


Started GET "/characters" for ::1 at 2019-09-14 08:16:15 -0400
  [1m[35m (2.1ms)[0m  [1m[34mSELECT "schema_migrations"."version" FROM "schema_migrations" ORDER BY "schema_migrations"."version" ASC[0m
Processing by CharactersController#index as */*
  [1m[36mCharacter Load (0.9ms)[0m  [1m[34mSELECT "characters".* FROM "characters"[0m
  ↳ app/controllers/characters_controller.rb:8:in `index'
Completed 200 OK in 32ms (Views: 18.1ms | ActiveRecord: 6.4ms | Allocations: 8218)


Started GET "/novels" for ::1 at 2019-09-14 08:46:48 -0400
  [1m[35m (0.7ms)[0m  [1m[34mSELECT "schema_migrations"."version" FROM "schema_migrations" ORDER BY "schema_migrations"."version" ASC[0m
Processing by NovelsController#index as */*
  [1m[36mNovel Load (0.7ms)[0m  [1m[34mSELECT "novels".* FROM "novels"[0m
  ↳ app/controllers/novels_controller.rb:8:in `index'
  [1m[36mCharacter Load (0.5ms)[0m  [1m[34mSELECT "characters".* FROM "characters" WHERE "characters"."novel_id" = $1[0m  [["novel_id", 1]]
  ↳ app/controllers/novels_controller.rb:8:in `index'
  [1m[36mCharacter Load (0.4ms)[0m  [1m[34mSELECT "characters".* FROM "characters" WHERE "characters"."novel_id" = $1[0m  [["novel_id", 2]]
  ↳ app/controllers/novels_controller.rb:8:in `index'
Completed 200 OK in 72ms (Views: 0.3ms | ActiveRecord: 11.2ms | Allocations: 17550)


Started GET "/novels" for ::1 at 2019-09-14 08:50:38 -0400
  [1m[35m (2.0ms)[0m  [1m[34mSELECT "schema_migrations"."version" FROM "schema_migrations" ORDER BY "schema_migrations"."version" ASC[0m
Processing by NovelsController#index as */*
  [1m[36mNovel Load (0.7ms)[0m  [1m[34mSELECT "novels".* FROM "novels"[0m
  ↳ app/controllers/novels_controller.rb:8:in `index'
  [1m[36mCharacter Load (0.5ms)[0m  [1m[34mSELECT "characters".* FROM "characters" WHERE "characters"."novel_id" = $1[0m  [["novel_id", 1]]
  ↳ app/controllers/novels_controller.rb:8:in `index'
  [1m[36mCharacter Load (0.5ms)[0m  [1m[34mSELECT "characters".* FROM "characters" WHERE "characters"."novel_id" = $1[0m  [["novel_id", 2]]
  ↳ app/controllers/novels_controller.rb:8:in `index'
Completed 200 OK in 65ms (Views: 0.2ms | ActiveRecord: 9.6ms | Allocations: 17552)


Started GET "/novels" for ::1 at 2019-09-14 08:53:53 -0400
  [1m[35m (0.9ms)[0m  [1m[34mSELECT "schema_migrations"."version" FROM "schema_migrations" ORDER BY "schema_migrations"."version" ASC[0m
Processing by NovelsController#index as */*
  [1m[36mNovel Load (0.6ms)[0m  [1m[34mSELECT "novels".* FROM "novels"[0m
  ↳ app/controllers/novels_controller.rb:8:in `index'
  [1m[36mCharacter Load (0.5ms)[0m  [1m[34mSELECT "characters".* FROM "characters" WHERE "characters"."novel_id" = $1[0m  [["novel_id", 1]]
  ↳ app/controllers/novels_controller.rb:8:in `index'
  [1m[36mCharacter Load (0.4ms)[0m  [1m[34mSELECT "characters".* FROM "characters" WHERE "characters"."novel_id" = $1[0m  [["novel_id", 2]]
  ↳ app/controllers/novels_controller.rb:8:in `index'
Completed 200 OK in 65ms (Views: 0.2ms | ActiveRecord: 10.1ms | Allocations: 17554)


